2021-05-31 23:28:16 0 [Note] Using unique option prefix 'myisam_recover' is error-prone and can break in the future. Please use the full name 'myisam-recover-options' instead.
2021-05-31 23:28:16 0 [Note] InnoDB: Mutexes and rw_locks use Windows interlocked functions
2021-05-31 23:28:16 0 [Note] InnoDB: Uses event mutexes
2021-05-31 23:28:16 0 [Note] InnoDB: Compressed tables use zlib 1.2.11
2021-05-31 23:28:16 0 [Note] InnoDB: Number of pools: 1
2021-05-31 23:28:16 0 [Note] InnoDB: Using SSE2 crc32 instructions
2021-05-31 23:28:16 0 [Note] InnoDB: Initializing buffer pool, total size = 512M, instances = 1, chunk size = 128M
2021-05-31 23:28:16 0 [Note] InnoDB: Completed initialization of buffer pool
2021-05-31 23:28:16 0 [Note] InnoDB: 128 out of 128 rollback segments are active.
2021-05-31 23:28:16 0 [Note] InnoDB: Creating shared tablespace for temporary tables
2021-05-31 23:28:16 0 [Note] InnoDB: Setting file 'C:\moodle_wnmp_64\mariadb\data\ibtmp1' size to 12 MB. Physically writing the file full; Please wait ...
2021-05-31 23:28:16 0 [Note] InnoDB: File 'C:\moodle_wnmp_64\mariadb\data\ibtmp1' size is now 12 MB.
2021-05-31 23:28:16 0 [Note] InnoDB: Waiting for purge to start
2021-05-31 23:28:16 0 [Note] InnoDB: 10.4.19 started; log sequence number 19532394; transaction id 5653
2021-05-31 23:28:16 0 [Note] InnoDB: Loading buffer pool(s) from C:\moodle_wnmp_64\mariadb\data\ib_buffer_pool
2021-05-31 23:28:16 0 [Note] Plugin 'FEEDBACK' is disabled.
2021-05-31 23:28:16 0 [Note] Server socket created on IP: '::'.
2021-05-31 23:28:16 0 [Note] Reading of all Master_info entries succeeded
2021-05-31 23:28:16 0 [Note] Added new Master_info '' to hash table
2021-05-31 23:28:16 0 [Note] C:\moodle_wnmp_64\mariadb\bin\mysqld.exe: ready for connections.
Version: '10.4.19-MariaDB'  socket: ''  port: 3366  mariadb.org binary distribution
2021-05-31 23:28:17 0 [Note] InnoDB: Buffer pool(s) load completed at 210531 23:28:17
2021-05-31 23:29:23 0 [Note] C:\moodle_wnmp_64\mariadb\bin\mysqld.exe (initiated by: unknown): Normal shutdown
2021-05-31 23:29:23 0 [Note] Event Scheduler: Purging the queue. 0 events
2021-05-31 23:29:23 0 [Note] InnoDB: FTS optimize thread exiting.
2021-05-31 23:29:23 0 [Note] InnoDB: Starting shutdown...
2021-05-31 23:29:23 0 [Note] InnoDB: Dumping buffer pool(s) to C:\moodle_wnmp_64\mariadb\data\ib_buffer_pool
2021-05-31 23:29:23 0 [Note] InnoDB: Buffer pool(s) dump completed at 210531 23:29:23
2021-05-31 23:29:23 0 [Note] InnoDB: Removed temporary tablespace data file: "ibtmp1"
2021-05-31 23:29:23 0 [Note] InnoDB: Shutdown completed; log sequence number 19545326; transaction id 5685
2021-05-31 23:29:23 0 [Note] C:\moodle_wnmp_64\mariadb\bin\mysqld.exe: Shutdown complete

2021-05-31 23:34:04 0 [Note] Using unique option prefix 'myisam_recover' is error-prone and can break in the future. Please use the full name 'myisam-recover-options' instead.
2021-05-31 23:34:04 0 [Note] InnoDB: Mutexes and rw_locks use Windows interlocked functions
2021-05-31 23:34:04 0 [Note] InnoDB: Uses event mutexes
2021-05-31 23:34:04 0 [Note] InnoDB: Compressed tables use zlib 1.2.11
2021-05-31 23:34:04 0 [Note] InnoDB: Number of pools: 1
2021-05-31 23:34:04 0 [Note] InnoDB: Using SSE2 crc32 instructions
2021-05-31 23:34:04 0 [Note] InnoDB: Initializing buffer pool, total size = 512M, instances = 1, chunk size = 128M
2021-05-31 23:34:04 0 [Note] InnoDB: Completed initialization of buffer pool
2021-05-31 23:34:06 0 [Note] InnoDB: 128 out of 128 rollback segments are active.
2021-05-31 23:34:06 0 [Note] InnoDB: Creating shared tablespace for temporary tables
2021-05-31 23:34:06 0 [Note] InnoDB: Setting file 'C:\moodle_wnmp_64\mariadb\data\ibtmp1' size to 12 MB. Physically writing the file full; Please wait ...
2021-05-31 23:34:06 0 [Note] InnoDB: File 'C:\moodle_wnmp_64\mariadb\data\ibtmp1' size is now 12 MB.
2021-05-31 23:34:06 0 [Note] InnoDB: Waiting for purge to start
2021-05-31 23:34:06 0 [Note] InnoDB: 10.4.19 started; log sequence number 19545326; transaction id 5684
2021-05-31 23:34:06 0 [Note] InnoDB: Loading buffer pool(s) from C:\moodle_wnmp_64\mariadb\data\ib_buffer_pool
2021-05-31 23:34:06 0 [Note] Plugin 'FEEDBACK' is disabled.
2021-05-31 23:34:06 0 [Note] Server socket created on IP: '::'.
2021-05-31 23:34:06 0 [Note] InnoDB: Buffer pool(s) load completed at 210531 23:34:06
2021-05-31 23:34:07 0 [Note] Reading of all Master_info entries succeeded
2021-05-31 23:34:07 0 [Note] Added new Master_info '' to hash table
2021-05-31 23:34:07 0 [Note] C:\moodle_wnmp_64\mariadb\bin\mysqld.exe: ready for connections.
Version: '10.4.19-MariaDB'  socket: ''  port: 3366  mariadb.org binary distribution
2021-05-31 23:35:32 0 [Note] C:\moodle_wnmp_64\mariadb\bin\mysqld.exe (initiated by: unknown): Normal shutdown
2021-05-31 23:35:32 0 [Note] Event Scheduler: Purging the queue. 0 events
2021-05-31 23:35:32 0 [Note] InnoDB: FTS optimize thread exiting.
2021-05-31 23:35:32 0 [Note] InnoDB: Starting shutdown...
2021-05-31 23:35:32 0 [Note] InnoDB: Dumping buffer pool(s) to C:\moodle_wnmp_64\mariadb\data\ib_buffer_pool
2021-05-31 23:35:32 0 [Note] InnoDB: Buffer pool(s) dump completed at 210531 23:35:32
2021-05-31 23:35:33 0 [Note] InnoDB: Removed temporary tablespace data file: "ibtmp1"
2021-05-31 23:35:33 0 [Note] InnoDB: Shutdown completed; log sequence number 19564694; transaction id 5716
2021-05-31 23:35:33 0 [Note] C:\moodle_wnmp_64\mariadb\bin\mysqld.exe: Shutdown complete

2021-05-31 23:35:37 0 [Note] Using unique option prefix 'myisam_recover' is error-prone and can break in the future. Please use the full name 'myisam-recover-options' instead.
2021-05-31 23:35:37 0 [Note] InnoDB: Mutexes and rw_locks use Windows interlocked functions
2021-05-31 23:35:37 0 [Note] InnoDB: Uses event mutexes
2021-05-31 23:35:37 0 [Note] InnoDB: Compressed tables use zlib 1.2.11
2021-05-31 23:35:37 0 [Note] InnoDB: Number of pools: 1
2021-05-31 23:35:37 0 [Note] InnoDB: Using SSE2 crc32 instructions
2021-05-31 23:35:37 0 [Note] InnoDB: Initializing buffer pool, total size = 512M, instances = 1, chunk size = 128M
2021-05-31 23:35:37 0 [Note] InnoDB: Completed initialization of buffer pool
2021-05-31 23:35:37 0 [Note] InnoDB: 128 out of 128 rollback segments are active.
2021-05-31 23:35:37 0 [Note] InnoDB: Creating shared tablespace for temporary tables
2021-05-31 23:35:37 0 [Note] InnoDB: Setting file 'C:\moodle_wnmp_64\mariadb\data\ibtmp1' size to 12 MB. Physically writing the file full; Please wait ...
2021-05-31 23:35:37 0 [Note] InnoDB: File 'C:\moodle_wnmp_64\mariadb\data\ibtmp1' size is now 12 MB.
2021-05-31 23:35:37 0 [Note] InnoDB: Waiting for purge to start
2021-05-31 23:35:37 0 [Note] InnoDB: 10.4.19 started; log sequence number 19564694; transaction id 5717
2021-05-31 23:35:37 0 [Note] InnoDB: Loading buffer pool(s) from C:\moodle_wnmp_64\mariadb\data\ib_buffer_pool
2021-05-31 23:35:37 0 [Note] Plugin 'FEEDBACK' is disabled.
2021-05-31 23:35:37 0 [Note] Server socket created on IP: '::'.
2021-05-31 23:35:37 0 [Note] Reading of all Master_info entries succeeded
2021-05-31 23:35:37 0 [Note] Added new Master_info '' to hash table
2021-05-31 23:35:37 0 [Note] C:\moodle_wnmp_64\mariadb\bin\mysqld.exe: ready for connections.
Version: '10.4.19-MariaDB'  socket: ''  port: 3366  mariadb.org binary distribution
2021-05-31 23:35:37 0 [Note] InnoDB: Buffer pool(s) load completed at 210531 23:35:37
2021-05-31 23:35:41 0 [Note] C:\moodle_wnmp_64\mariadb\bin\mysqld.exe (initiated by: unknown): Normal shutdown
2021-05-31 23:35:41 0 [Note] Event Scheduler: Purging the queue. 0 events
2021-05-31 23:35:41 0 [Note] InnoDB: FTS optimize thread exiting.
2021-05-31 23:35:41 0 [Note] InnoDB: Starting shutdown...
2021-05-31 23:35:41 0 [Note] InnoDB: Dumping buffer pool(s) to C:\moodle_wnmp_64\mariadb\data\ib_buffer_pool
2021-05-31 23:35:41 0 [Note] InnoDB: Buffer pool(s) dump completed at 210531 23:35:41
2021-05-31 23:35:41 0 [Note] InnoDB: Removed temporary tablespace data file: "ibtmp1"
2021-05-31 23:35:41 0 [Note] InnoDB: Shutdown completed; log sequence number 19564703; transaction id 5718
2021-05-31 23:35:41 0 [Note] C:\moodle_wnmp_64\mariadb\bin\mysqld.exe: Shutdown complete

2021-06-01  5:59:04 0 [Note] Using unique option prefix 'myisam_recover' is error-prone and can break in the future. Please use the full name 'myisam-recover-options' instead.
2021-06-01  5:59:04 0 [Note] InnoDB: Mutexes and rw_locks use Windows interlocked functions
2021-06-01  5:59:04 0 [Note] InnoDB: Uses event mutexes
2021-06-01  5:59:04 0 [Note] InnoDB: Compressed tables use zlib 1.2.11
2021-06-01  5:59:04 0 [Note] InnoDB: Number of pools: 1
2021-06-01  5:59:04 0 [Note] InnoDB: Using SSE2 crc32 instructions
2021-06-01  5:59:04 0 [Note] InnoDB: Initializing buffer pool, total size = 512M, instances = 1, chunk size = 128M
2021-06-01  5:59:04 0 [Note] InnoDB: Completed initialization of buffer pool
2021-06-01  5:59:05 0 [Note] InnoDB: 128 out of 128 rollback segments are active.
2021-06-01  5:59:05 0 [Note] InnoDB: Creating shared tablespace for temporary tables
2021-06-01  5:59:05 0 [Note] InnoDB: Setting file 'C:\moodle_wnmp_64\mariadb\data\ibtmp1' size to 12 MB. Physically writing the file full; Please wait ...
2021-06-01  5:59:05 0 [Note] InnoDB: File 'C:\moodle_wnmp_64\mariadb\data\ibtmp1' size is now 12 MB.
2021-06-01  5:59:05 0 [Note] InnoDB: Waiting for purge to start
2021-06-01  5:59:05 0 [Note] InnoDB: 10.4.19 started; log sequence number 19564703; transaction id 5717
2021-06-01  5:59:05 0 [Note] Plugin 'FEEDBACK' is disabled.
2021-06-01  5:59:05 0 [Note] InnoDB: Loading buffer pool(s) from C:\moodle_wnmp_64\mariadb\data\ib_buffer_pool
2021-06-01  5:59:05 0 [Note] Server socket created on IP: '::'.
2021-06-01  5:59:05 0 [Note] Reading of all Master_info entries succeeded
2021-06-01  5:59:05 0 [Note] Added new Master_info '' to hash table
2021-06-01  5:59:05 0 [Note] C:\moodle_wnmp_64\mariadb\bin\mysqld.exe: ready for connections.
Version: '10.4.19-MariaDB'  socket: ''  port: 3366  mariadb.org binary distribution
2021-06-01  5:59:05 0 [Note] InnoDB: Buffer pool(s) load completed at 210601  5:59:05
2021-06-01  6:51:24 0 [Note] C:\moodle_wnmp_64\mariadb\bin\mysqld.exe (initiated by: unknown): Normal shutdown
2021-06-01  6:51:24 0 [Note] Event Scheduler: Purging the queue. 0 events
2021-06-01  6:51:24 0 [Note] InnoDB: FTS optimize thread exiting.
2021-06-01  6:51:24 0 [Note] InnoDB: Starting shutdown...
2021-06-01  6:51:24 0 [Note] InnoDB: Dumping buffer pool(s) to C:\moodle_wnmp_64\mariadb\data\ib_buffer_pool
2021-06-01  6:51:24 0 [Note] InnoDB: Buffer pool(s) dump completed at 210601  6:51:24
2021-06-01  6:51:25 0 [Note] InnoDB: Removed temporary tablespace data file: "ibtmp1"
2021-06-01  6:51:25 0 [Note] InnoDB: Shutdown completed; log sequence number 29974637; transaction id 12664
2021-06-01  6:51:25 0 [Note] C:\moodle_wnmp_64\mariadb\bin\mysqld.exe: Shutdown complete

