2021-06-06  7:19:06 0 [Note] Using unique option prefix 'myisam_recover' is error-prone and can break in the future. Please use the full name 'myisam-recover-options' instead.
2021-06-06  7:19:06 0 [Note] InnoDB: Mutexes and rw_locks use Windows interlocked functions
2021-06-06  7:19:06 0 [Note] InnoDB: Uses event mutexes
2021-06-06  7:19:06 0 [Note] InnoDB: Compressed tables use zlib 1.2.11
2021-06-06  7:19:06 0 [Note] InnoDB: Number of pools: 1
2021-06-06  7:19:06 0 [Note] InnoDB: Using SSE2 crc32 instructions
2021-06-06  7:19:06 0 [Note] InnoDB: Initializing buffer pool, total size = 512M, instances = 1, chunk size = 128M
2021-06-06  7:19:06 0 [Note] InnoDB: Completed initialization of buffer pool
2021-06-06  7:19:07 0 [Note] InnoDB: 128 out of 128 rollback segments are active.
2021-06-06  7:19:07 0 [Note] InnoDB: Creating shared tablespace for temporary tables
2021-06-06  7:19:07 0 [Note] InnoDB: Setting file 'C:\moodle_wnmp_64\mariadb\data\ibtmp1' size to 12 MB. Physically writing the file full; Please wait ...
2021-06-06  7:19:07 0 [Note] InnoDB: File 'C:\moodle_wnmp_64\mariadb\data\ibtmp1' size is now 12 MB.
2021-06-06  7:19:07 0 [Note] InnoDB: Waiting for purge to start
2021-06-06  7:19:07 0 [Note] InnoDB: 10.4.19 started; log sequence number 29974637; transaction id 12665
2021-06-06  7:19:07 0 [Note] InnoDB: Loading buffer pool(s) from C:\moodle_wnmp_64\mariadb\data\ib_buffer_pool
2021-06-06  7:19:07 0 [Note] Plugin 'FEEDBACK' is disabled.
2021-06-06  7:19:07 0 [Note] Server socket created on IP: '::'.
2021-06-06  7:19:07 0 [Note] Reading of all Master_info entries succeeded
2021-06-06  7:19:07 0 [Note] Added new Master_info '' to hash table
2021-06-06  7:19:07 0 [Note] C:\moodle_wnmp_64\mariadb\bin\mysqld.exe: ready for connections.
Version: '10.4.19-MariaDB'  socket: ''  port: 3366  mariadb.org binary distribution
2021-06-06  7:19:08 0 [Note] InnoDB: Buffer pool(s) load completed at 210606  7:19:08
2021-06-06  7:19:45 0 [Note] C:\moodle_wnmp_64\mariadb\bin\mysqld.exe (initiated by: unknown): Normal shutdown
2021-06-06  7:19:45 0 [Note] Event Scheduler: Purging the queue. 0 events
2021-06-06  7:19:45 0 [Note] InnoDB: FTS optimize thread exiting.
2021-06-06  7:19:45 0 [Note] InnoDB: Starting shutdown...
2021-06-06  7:19:45 0 [Note] InnoDB: Dumping buffer pool(s) to C:\moodle_wnmp_64\mariadb\data\ib_buffer_pool
2021-06-06  7:19:45 0 [Note] InnoDB: Buffer pool(s) dump completed at 210606  7:19:45
2021-06-06  7:19:46 0 [Note] InnoDB: Removed temporary tablespace data file: "ibtmp1"
2021-06-06  7:19:46 0 [Note] InnoDB: Shutdown completed; log sequence number 29974646; transaction id 12666
2021-06-06  7:19:46 0 [Note] C:\moodle_wnmp_64\mariadb\bin\mysqld.exe: Shutdown complete

2021-06-06  7:19:53 0 [Note] Using unique option prefix 'myisam_recover' is error-prone and can break in the future. Please use the full name 'myisam-recover-options' instead.
2021-06-06  7:19:53 0 [Note] InnoDB: Mutexes and rw_locks use Windows interlocked functions
2021-06-06  7:19:53 0 [Note] InnoDB: Uses event mutexes
2021-06-06  7:19:53 0 [Note] InnoDB: Compressed tables use zlib 1.2.11
2021-06-06  7:19:53 0 [Note] InnoDB: Number of pools: 1
2021-06-06  7:19:53 0 [Note] InnoDB: Using SSE2 crc32 instructions
2021-06-06  7:19:53 0 [Note] InnoDB: Initializing buffer pool, total size = 512M, instances = 1, chunk size = 128M
2021-06-06  7:19:53 0 [Note] InnoDB: Completed initialization of buffer pool
2021-06-06  7:19:54 0 [Note] InnoDB: 128 out of 128 rollback segments are active.
2021-06-06  7:19:54 0 [Note] InnoDB: Creating shared tablespace for temporary tables
2021-06-06  7:19:54 0 [Note] InnoDB: Setting file 'C:\moodle_wnmp_64\mariadb\data\ibtmp1' size to 12 MB. Physically writing the file full; Please wait ...
2021-06-06  7:19:54 0 [Note] InnoDB: File 'C:\moodle_wnmp_64\mariadb\data\ibtmp1' size is now 12 MB.
2021-06-06  7:19:54 0 [Note] InnoDB: Waiting for purge to start
2021-06-06  7:19:54 0 [Note] InnoDB: 10.4.19 started; log sequence number 29974646; transaction id 12665
2021-06-06  7:19:54 0 [Note] InnoDB: Loading buffer pool(s) from C:\moodle_wnmp_64\mariadb\data\ib_buffer_pool
2021-06-06  7:19:54 0 [Note] Plugin 'FEEDBACK' is disabled.
2021-06-06  7:19:54 0 [Note] Server socket created on IP: '::'.
2021-06-06  7:19:54 0 [Note] Reading of all Master_info entries succeeded
2021-06-06  7:19:54 0 [Note] Added new Master_info '' to hash table
2021-06-06  7:19:54 0 [Note] C:\moodle_wnmp_64\mariadb\bin\mysqld.exe: ready for connections.
Version: '10.4.19-MariaDB'  socket: ''  port: 3366  mariadb.org binary distribution
2021-06-06  7:19:54 0 [Note] InnoDB: Buffer pool(s) load completed at 210606  7:19:54
2021-06-06  7:21:03 0 [Note] C:\moodle_wnmp_64\mariadb\bin\mysqld.exe (initiated by: unknown): Normal shutdown
2021-06-06  7:21:03 0 [Note] Event Scheduler: Purging the queue. 0 events
2021-06-06  7:21:03 0 [Note] InnoDB: FTS optimize thread exiting.
2021-06-06  7:21:03 0 [Note] InnoDB: Starting shutdown...
2021-06-06  7:21:03 0 [Note] InnoDB: Dumping buffer pool(s) to C:\moodle_wnmp_64\mariadb\data\ib_buffer_pool
2021-06-06  7:21:03 0 [Note] InnoDB: Buffer pool(s) dump completed at 210606  7:21:03
2021-06-06  7:21:04 0 [Note] InnoDB: Removed temporary tablespace data file: "ibtmp1"
2021-06-06  7:21:04 0 [Note] InnoDB: Shutdown completed; log sequence number 29974655; transaction id 12666
2021-06-06  7:21:04 0 [Note] C:\moodle_wnmp_64\mariadb\bin\mysqld.exe: Shutdown complete

2021-06-06  7:24:08 0 [Note] Using unique option prefix 'myisam_recover' is error-prone and can break in the future. Please use the full name 'myisam-recover-options' instead.
2021-06-06  7:24:08 0 [Note] InnoDB: Mutexes and rw_locks use Windows interlocked functions
2021-06-06  7:24:08 0 [Note] InnoDB: Uses event mutexes
2021-06-06  7:24:08 0 [Note] InnoDB: Compressed tables use zlib 1.2.11
2021-06-06  7:24:08 0 [Note] InnoDB: Number of pools: 1
2021-06-06  7:24:08 0 [Note] InnoDB: Using SSE2 crc32 instructions
2021-06-06  7:24:08 0 [Note] InnoDB: Initializing buffer pool, total size = 512M, instances = 1, chunk size = 128M
2021-06-06  7:24:08 0 [Note] InnoDB: Completed initialization of buffer pool
2021-06-06  7:24:08 0 [Note] InnoDB: 128 out of 128 rollback segments are active.
2021-06-06  7:24:08 0 [Note] InnoDB: Creating shared tablespace for temporary tables
2021-06-06  7:24:08 0 [Note] InnoDB: Setting file 'C:\moodle_wnmp_64\mariadb\data\ibtmp1' size to 12 MB. Physically writing the file full; Please wait ...
2021-06-06  7:24:08 0 [Note] InnoDB: File 'C:\moodle_wnmp_64\mariadb\data\ibtmp1' size is now 12 MB.
2021-06-06  7:24:08 0 [Note] InnoDB: Waiting for purge to start
2021-06-06  7:24:08 0 [Note] InnoDB: 10.4.19 started; log sequence number 29974655; transaction id 12665
2021-06-06  7:24:08 0 [Note] InnoDB: Loading buffer pool(s) from C:\moodle_wnmp_64\mariadb\data\ib_buffer_pool
2021-06-06  7:24:08 0 [Note] Plugin 'FEEDBACK' is disabled.
2021-06-06  7:24:08 0 [Note] Server socket created on IP: '::'.
2021-06-06  7:24:08 0 [Note] Reading of all Master_info entries succeeded
2021-06-06  7:24:08 0 [Note] Added new Master_info '' to hash table
2021-06-06  7:24:08 0 [Note] C:\moodle_wnmp_64\mariadb\bin\mysqld.exe: ready for connections.
Version: '10.4.19-MariaDB'  socket: ''  port: 3366  mariadb.org binary distribution
2021-06-06  7:24:09 0 [Note] InnoDB: Buffer pool(s) load completed at 210606  7:24:09
2021-06-06  7:25:40 0 [Note] C:\moodle_wnmp_64\mariadb\bin\mysqld.exe (initiated by: unknown): Normal shutdown
2021-06-06  7:25:40 0 [Note] InnoDB: FTS optimize thread exiting.
2021-06-06  7:25:40 0 [Note] Event Scheduler: Purging the queue. 0 events
2021-06-06  7:25:40 0 [Note] InnoDB: Starting shutdown...
2021-06-06  7:25:40 0 [Note] InnoDB: Dumping buffer pool(s) to C:\moodle_wnmp_64\mariadb\data\ib_buffer_pool
2021-06-06  7:25:40 0 [Note] InnoDB: Buffer pool(s) dump completed at 210606  7:25:40
2021-06-06  7:25:40 0 [Note] InnoDB: Removed temporary tablespace data file: "ibtmp1"
2021-06-06  7:25:40 0 [Note] InnoDB: Shutdown completed; log sequence number 29974664; transaction id 12666
2021-06-06  7:25:40 0 [Note] C:\moodle_wnmp_64\mariadb\bin\mysqld.exe: Shutdown complete

2021-06-06  7:28:01 0 [Note] Using unique option prefix 'myisam_recover' is error-prone and can break in the future. Please use the full name 'myisam-recover-options' instead.
2021-06-06  7:28:01 0 [Note] InnoDB: Mutexes and rw_locks use Windows interlocked functions
2021-06-06  7:28:01 0 [Note] InnoDB: Uses event mutexes
2021-06-06  7:28:01 0 [Note] InnoDB: Compressed tables use zlib 1.2.11
2021-06-06  7:28:01 0 [Note] InnoDB: Number of pools: 1
2021-06-06  7:28:01 0 [Note] InnoDB: Using SSE2 crc32 instructions
2021-06-06  7:28:01 0 [Note] InnoDB: Initializing buffer pool, total size = 512M, instances = 1, chunk size = 128M
2021-06-06  7:28:01 0 [Note] InnoDB: Completed initialization of buffer pool
2021-06-06  7:28:01 0 [Note] InnoDB: 128 out of 128 rollback segments are active.
2021-06-06  7:28:01 0 [Note] InnoDB: Creating shared tablespace for temporary tables
2021-06-06  7:28:01 0 [Note] InnoDB: Setting file 'C:\moodle_wnmp_64\mariadb\data\ibtmp1' size to 12 MB. Physically writing the file full; Please wait ...
2021-06-06  7:28:01 0 [Note] InnoDB: File 'C:\moodle_wnmp_64\mariadb\data\ibtmp1' size is now 12 MB.
2021-06-06  7:28:01 0 [Note] InnoDB: Waiting for purge to start
2021-06-06  7:28:01 0 [Note] InnoDB: 10.4.19 started; log sequence number 29974664; transaction id 12665
2021-06-06  7:28:01 0 [Note] InnoDB: Loading buffer pool(s) from C:\moodle_wnmp_64\mariadb\data\ib_buffer_pool
2021-06-06  7:28:01 0 [Note] Plugin 'FEEDBACK' is disabled.
2021-06-06  7:28:01 0 [Note] Server socket created on IP: '::'.
2021-06-06  7:28:01 0 [Note] Reading of all Master_info entries succeeded
2021-06-06  7:28:01 0 [Note] Added new Master_info '' to hash table
2021-06-06  7:28:01 0 [Note] C:\moodle_wnmp_64\mariadb\bin\mysqld.exe: ready for connections.
Version: '10.4.19-MariaDB'  socket: ''  port: 3366  mariadb.org binary distribution
2021-06-06  7:28:02 0 [Note] InnoDB: Buffer pool(s) load completed at 210606  7:28:02
2021-06-06  7:29:57 0 [Note] C:\moodle_wnmp_64\mariadb\bin\mysqld.exe (initiated by: unknown): Normal shutdown
2021-06-06  7:29:57 0 [Note] Event Scheduler: Purging the queue. 0 events
2021-06-06  7:29:57 0 [Note] InnoDB: FTS optimize thread exiting.
2021-06-06  7:29:57 0 [Note] InnoDB: Starting shutdown...
2021-06-06  7:29:57 0 [Note] InnoDB: Dumping buffer pool(s) to C:\moodle_wnmp_64\mariadb\data\ib_buffer_pool
2021-06-06  7:29:57 0 [Note] InnoDB: Buffer pool(s) dump completed at 210606  7:29:57
2021-06-06  7:29:58 0 [Note] InnoDB: Removed temporary tablespace data file: "ibtmp1"
2021-06-06  7:29:58 0 [Note] InnoDB: Shutdown completed; log sequence number 30824623; transaction id 13933
2021-06-06  7:29:58 0 [Note] C:\moodle_wnmp_64\mariadb\bin\mysqld.exe: Shutdown complete

2021-06-06  7:46:19 0 [Note] Using unique option prefix 'myisam_recover' is error-prone and can break in the future. Please use the full name 'myisam-recover-options' instead.
2021-06-06  7:46:20 0 [Note] InnoDB: Mutexes and rw_locks use Windows interlocked functions
2021-06-06  7:46:20 0 [Note] InnoDB: Uses event mutexes
2021-06-06  7:46:20 0 [Note] InnoDB: Compressed tables use zlib 1.2.11
2021-06-06  7:46:20 0 [Note] InnoDB: Number of pools: 1
2021-06-06  7:46:20 0 [Note] InnoDB: Using SSE2 crc32 instructions
2021-06-06  7:46:20 0 [Note] InnoDB: Initializing buffer pool, total size = 512M, instances = 1, chunk size = 128M
2021-06-06  7:46:20 0 [Note] InnoDB: Completed initialization of buffer pool
2021-06-06  7:46:20 0 [Note] InnoDB: 128 out of 128 rollback segments are active.
2021-06-06  7:46:20 0 [Note] InnoDB: Creating shared tablespace for temporary tables
2021-06-06  7:46:20 0 [Note] InnoDB: Setting file 'C:\moodle_wnmp_64\mariadb\data\ibtmp1' size to 12 MB. Physically writing the file full; Please wait ...
2021-06-06  7:46:20 0 [Note] InnoDB: File 'C:\moodle_wnmp_64\mariadb\data\ibtmp1' size is now 12 MB.
2021-06-06  7:46:20 0 [Note] InnoDB: Waiting for purge to start
2021-06-06  7:46:20 0 [Note] InnoDB: 10.4.19 started; log sequence number 30824623; transaction id 13932
2021-06-06  7:46:20 0 [Note] InnoDB: Loading buffer pool(s) from C:\moodle_wnmp_64\mariadb\data\ib_buffer_pool
2021-06-06  7:46:20 0 [Note] Plugin 'FEEDBACK' is disabled.
2021-06-06  7:46:20 0 [Note] Server socket created on IP: '::'.
2021-06-06  7:46:20 0 [Note] Reading of all Master_info entries succeeded
2021-06-06  7:46:20 0 [Note] Added new Master_info '' to hash table
2021-06-06  7:46:20 0 [Note] C:\moodle_wnmp_64\mariadb\bin\mysqld.exe: ready for connections.
Version: '10.4.19-MariaDB'  socket: ''  port: 3366  mariadb.org binary distribution
2021-06-06  7:46:21 0 [Note] InnoDB: Buffer pool(s) load completed at 210606  7:46:21
2021-06-06  7:48:33 0 [Note] C:\moodle_wnmp_64\mariadb\bin\mysqld.exe (initiated by: unknown): Normal shutdown
2021-06-06  7:48:33 0 [Note] Event Scheduler: Purging the queue. 0 events
2021-06-06  7:48:33 0 [Note] InnoDB: FTS optimize thread exiting.
2021-06-06  7:48:33 0 [Note] InnoDB: Starting shutdown...
2021-06-06  7:48:33 0 [Note] InnoDB: Dumping buffer pool(s) to C:\moodle_wnmp_64\mariadb\data\ib_buffer_pool
2021-06-06  7:48:33 0 [Note] InnoDB: Buffer pool(s) dump completed at 210606  7:48:33
2021-06-06  7:48:34 0 [Note] InnoDB: Removed temporary tablespace data file: "ibtmp1"
2021-06-06  7:48:34 0 [Note] InnoDB: Shutdown completed; log sequence number 31046310; transaction id 14105
2021-06-06  7:48:34 0 [Note] C:\moodle_wnmp_64\mariadb\bin\mysqld.exe: Shutdown complete

2021-06-06  8:39:05 0 [Note] Using unique option prefix 'myisam_recover' is error-prone and can break in the future. Please use the full name 'myisam-recover-options' instead.
2021-06-06  8:39:05 0 [Note] InnoDB: Mutexes and rw_locks use Windows interlocked functions
2021-06-06  8:39:05 0 [Note] InnoDB: Uses event mutexes
2021-06-06  8:39:05 0 [Note] InnoDB: Compressed tables use zlib 1.2.11
2021-06-06  8:39:05 0 [Note] InnoDB: Number of pools: 1
2021-06-06  8:39:05 0 [Note] InnoDB: Using SSE2 crc32 instructions
2021-06-06  8:39:05 0 [Note] InnoDB: Initializing buffer pool, total size = 512M, instances = 1, chunk size = 128M
2021-06-06  8:39:05 0 [Note] InnoDB: Completed initialization of buffer pool
2021-06-06  8:39:05 0 [Note] InnoDB: 128 out of 128 rollback segments are active.
2021-06-06  8:39:05 0 [Note] InnoDB: Creating shared tablespace for temporary tables
2021-06-06  8:39:05 0 [Note] InnoDB: Setting file 'C:\moodle_wnmp_64\mariadb\data\ibtmp1' size to 12 MB. Physically writing the file full; Please wait ...
2021-06-06  8:39:05 0 [Note] InnoDB: File 'C:\moodle_wnmp_64\mariadb\data\ibtmp1' size is now 12 MB.
2021-06-06  8:39:05 0 [Note] InnoDB: Waiting for purge to start
2021-06-06  8:39:05 0 [Note] InnoDB: 10.4.19 started; log sequence number 31046310; transaction id 14107
2021-06-06  8:39:05 0 [Note] InnoDB: Loading buffer pool(s) from C:\moodle_wnmp_64\mariadb\data\ib_buffer_pool
2021-06-06  8:39:05 0 [Note] Plugin 'FEEDBACK' is disabled.
2021-06-06  8:39:05 0 [Note] Server socket created on IP: '::'.
2021-06-06  8:39:05 0 [Note] Reading of all Master_info entries succeeded
2021-06-06  8:39:05 0 [Note] Added new Master_info '' to hash table
2021-06-06  8:39:05 0 [Note] C:\moodle_wnmp_64\mariadb\bin\mysqld.exe: ready for connections.
Version: '10.4.19-MariaDB'  socket: ''  port: 3366  mariadb.org binary distribution
2021-06-06  8:39:06 0 [Note] InnoDB: Buffer pool(s) load completed at 210606  8:39:06
2021-06-06  8:39:23 0 [Note] C:\moodle_wnmp_64\mariadb\bin\mysqld.exe (initiated by: unknown): Normal shutdown
2021-06-06  8:39:23 0 [Note] Event Scheduler: Purging the queue. 0 events
2021-06-06  8:39:23 0 [Note] InnoDB: FTS optimize thread exiting.
2021-06-06  8:39:23 0 [Note] InnoDB: Starting shutdown...
2021-06-06  8:39:23 0 [Note] InnoDB: Dumping buffer pool(s) to C:\moodle_wnmp_64\mariadb\data\ib_buffer_pool
2021-06-06  8:39:23 0 [Note] InnoDB: Buffer pool(s) dump completed at 210606  8:39:23
2021-06-06  8:39:25 0 [Note] InnoDB: Removed temporary tablespace data file: "ibtmp1"
2021-06-06  8:39:25 0 [Note] InnoDB: Shutdown completed; log sequence number 31062289; transaction id 14140
2021-06-06  8:39:25 0 [Note] C:\moodle_wnmp_64\mariadb\bin\mysqld.exe: Shutdown complete

2021-06-06 10:06:53 0 [Note] Using unique option prefix 'myisam_recover' is error-prone and can break in the future. Please use the full name 'myisam-recover-options' instead.
2021-06-06 10:06:53 0 [Note] InnoDB: Mutexes and rw_locks use Windows interlocked functions
2021-06-06 10:06:53 0 [Note] InnoDB: Uses event mutexes
2021-06-06 10:06:53 0 [Note] InnoDB: Compressed tables use zlib 1.2.11
2021-06-06 10:06:53 0 [Note] InnoDB: Number of pools: 1
2021-06-06 10:06:53 0 [Note] InnoDB: Using SSE2 crc32 instructions
2021-06-06 10:06:53 0 [Note] InnoDB: Initializing buffer pool, total size = 512M, instances = 1, chunk size = 128M
2021-06-06 10:06:53 0 [Note] InnoDB: Completed initialization of buffer pool
2021-06-06 10:06:53 0 [Note] InnoDB: 128 out of 128 rollback segments are active.
2021-06-06 10:06:53 0 [Note] InnoDB: Creating shared tablespace for temporary tables
2021-06-06 10:06:53 0 [Note] InnoDB: Setting file 'C:\moodle_wnmp_64\mariadb\data\ibtmp1' size to 12 MB. Physically writing the file full; Please wait ...
2021-06-06 10:06:53 0 [Note] InnoDB: File 'C:\moodle_wnmp_64\mariadb\data\ibtmp1' size is now 12 MB.
2021-06-06 10:06:53 0 [Note] InnoDB: Waiting for purge to start
2021-06-06 10:06:53 0 [Note] InnoDB: 10.4.19 started; log sequence number 31062289; transaction id 14141
2021-06-06 10:06:53 0 [Note] InnoDB: Loading buffer pool(s) from C:\moodle_wnmp_64\mariadb\data\ib_buffer_pool
2021-06-06 10:06:53 0 [Note] Plugin 'FEEDBACK' is disabled.
2021-06-06 10:06:53 0 [Note] Server socket created on IP: '::'.
2021-06-06 10:06:53 0 [Note] Reading of all Master_info entries succeeded
2021-06-06 10:06:53 0 [Note] Added new Master_info '' to hash table
2021-06-06 10:06:53 0 [Note] C:\moodle_wnmp_64\mariadb\bin\mysqld.exe: ready for connections.
Version: '10.4.19-MariaDB'  socket: ''  port: 3366  mariadb.org binary distribution
2021-06-06 10:06:54 0 [Note] InnoDB: Buffer pool(s) load completed at 210606 10:06:54
2021-06-06 10:10:00 0 [Note] C:\moodle_wnmp_64\mariadb\bin\mysqld.exe (initiated by: unknown): Normal shutdown
2021-06-06 10:10:00 0 [Note] Event Scheduler: Purging the queue. 0 events
2021-06-06 10:10:00 0 [Note] InnoDB: FTS optimize thread exiting.
2021-06-06 10:10:00 0 [Note] InnoDB: Starting shutdown...
2021-06-06 10:10:00 0 [Note] InnoDB: Dumping buffer pool(s) to C:\moodle_wnmp_64\mariadb\data\ib_buffer_pool
2021-06-06 10:10:00 0 [Note] InnoDB: Buffer pool(s) dump completed at 210606 10:10:00
2021-06-06 10:10:01 0 [Note] InnoDB: Removed temporary tablespace data file: "ibtmp1"
2021-06-06 10:10:01 0 [Note] InnoDB: Shutdown completed; log sequence number 31800519; transaction id 15301
2021-06-06 10:10:01 0 [Note] C:\moodle_wnmp_64\mariadb\bin\mysqld.exe: Shutdown complete

